[  0%] Built target _tm_msgs_generate_messages_check_deps_WriteItem
[  0%] Built target sensor_msgs_generate_messages_cpp
[  0%] Built target std_msgs_generate_messages_cpp
[  0%] Built target _tm_msgs_generate_messages_check_deps_SendScript
[  0%] Built target _tm_msgs_generate_messages_check_deps_SetPositions
[  0%] Built target _tm_msgs_generate_messages_check_deps_ConnectTM
[  0%] Built target geometry_msgs_generate_messages_cpp
[  0%] Built target _tm_msgs_generate_messages_check_deps_SvrResponse
[  0%] Built target _tm_msgs_generate_messages_check_deps_SetEvent
[  0%] Built target _tm_msgs_generate_messages_check_deps_SetIO
[  0%] Built target _tm_msgs_generate_messages_check_deps_FeedbackState
[  0%] Built target _tm_msgs_generate_messages_check_deps_SctResponse
[  0%] Built target _tm_msgs_generate_messages_check_deps_AskSta
[  0%] Built target _tm_msgs_generate_messages_check_deps_AskItem
[  0%] Built target std_msgs_generate_messages_nodejs
[  0%] Built target geometry_msgs_generate_messages_nodejs
[  0%] Built target sensor_msgs_generate_messages_nodejs
[  0%] Built target std_msgs_generate_messages_lisp
[  0%] Built target sensor_msgs_generate_messages_lisp
[  0%] Built target geometry_msgs_generate_messages_lisp
[  0%] Built target std_msgs_generate_messages_eus
[  0%] Built target _tm_msgs_generate_messages_check_deps_StaResponse
[  0%] Built target geometry_msgs_generate_messages_eus
[  0%] Built target sensor_msgs_generate_messages_eus
[  0%] Built target sensor_msgs_generate_messages_py
[  0%] Built target geometry_msgs_generate_messages_py
[  0%] Built target std_msgs_generate_messages_py
[ 19%] Built target tm_msgs_generate_messages_cpp
[ 38%] Built target tm_msgs_generate_messages_nodejs
[ 60%] Built target tm_msgs_generate_messages_py
[ 80%] Built target tm_msgs_generate_messages_eus
[100%] Built target tm_msgs_generate_messages_lisp
[100%] Built target tm_msgs_generate_messages
