Linked: (/home/dhruv/manipulator_ws/devel/.private/tm_msgs/lib/pkgconfig/tm_msgs.pc, /home/dhruv/manipulator_ws/devel/lib/pkgconfig/tm_msgs.pc)
Linked: (/home/dhruv/manipulator_ws/devel/.private/tm_msgs/lib/python2.7/dist-packages/tm_msgs/__init__.py, /home/dhruv/manipulator_ws/devel/lib/python2.7/dist-packages/tm_msgs/__init__.py)
Linked: (/home/dhruv/manipulator_ws/devel/.private/tm_msgs/lib/python2.7/dist-packages/tm_msgs/msg/__init__.py, /home/dhruv/manipulator_ws/devel/lib/python2.7/dist-packages/tm_msgs/msg/__init__.py)
Linked: (/home/dhruv/manipulator_ws/devel/.private/tm_msgs/lib/python2.7/dist-packages/tm_msgs/msg/_SvrResponse.py, /home/dhruv/manipulator_ws/devel/lib/python2.7/dist-packages/tm_msgs/msg/_SvrResponse.py)
Linked: (/home/dhruv/manipulator_ws/devel/.private/tm_msgs/lib/python2.7/dist-packages/tm_msgs/msg/_StaResponse.py, /home/dhruv/manipulator_ws/devel/lib/python2.7/dist-packages/tm_msgs/msg/_StaResponse.py)
Linked: (/home/dhruv/manipulator_ws/devel/.private/tm_msgs/lib/python2.7/dist-packages/tm_msgs/msg/_SctResponse.py, /home/dhruv/manipulator_ws/devel/lib/python2.7/dist-packages/tm_msgs/msg/_SctResponse.py)
Linked: (/home/dhruv/manipulator_ws/devel/.private/tm_msgs/lib/python2.7/dist-packages/tm_msgs/msg/_FeedbackState.py, /home/dhruv/manipulator_ws/devel/lib/python2.7/dist-packages/tm_msgs/msg/_FeedbackState.py)
Linked: (/home/dhruv/manipulator_ws/devel/.private/tm_msgs/lib/python2.7/dist-packages/tm_msgs/srv/_AskItem.py, /home/dhruv/manipulator_ws/devel/lib/python2.7/dist-packages/tm_msgs/srv/_AskItem.py)
Linked: (/home/dhruv/manipulator_ws/devel/.private/tm_msgs/lib/python2.7/dist-packages/tm_msgs/srv/__init__.py, /home/dhruv/manipulator_ws/devel/lib/python2.7/dist-packages/tm_msgs/srv/__init__.py)
Linked: (/home/dhruv/manipulator_ws/devel/.private/tm_msgs/lib/python2.7/dist-packages/tm_msgs/srv/_WriteItem.py, /home/dhruv/manipulator_ws/devel/lib/python2.7/dist-packages/tm_msgs/srv/_WriteItem.py)
Linked: (/home/dhruv/manipulator_ws/devel/.private/tm_msgs/lib/python2.7/dist-packages/tm_msgs/srv/_SetEvent.py, /home/dhruv/manipulator_ws/devel/lib/python2.7/dist-packages/tm_msgs/srv/_SetEvent.py)
Linked: (/home/dhruv/manipulator_ws/devel/.private/tm_msgs/lib/python2.7/dist-packages/tm_msgs/srv/_ConnectTM.py, /home/dhruv/manipulator_ws/devel/lib/python2.7/dist-packages/tm_msgs/srv/_ConnectTM.py)
Linked: (/home/dhruv/manipulator_ws/devel/.private/tm_msgs/lib/python2.7/dist-packages/tm_msgs/srv/_SendScript.py, /home/dhruv/manipulator_ws/devel/lib/python2.7/dist-packages/tm_msgs/srv/_SendScript.py)
Linked: (/home/dhruv/manipulator_ws/devel/.private/tm_msgs/lib/python2.7/dist-packages/tm_msgs/srv/_SetPositions.py, /home/dhruv/manipulator_ws/devel/lib/python2.7/dist-packages/tm_msgs/srv/_SetPositions.py)
Linked: (/home/dhruv/manipulator_ws/devel/.private/tm_msgs/lib/python2.7/dist-packages/tm_msgs/srv/_SetIO.py, /home/dhruv/manipulator_ws/devel/lib/python2.7/dist-packages/tm_msgs/srv/_SetIO.py)
Linked: (/home/dhruv/manipulator_ws/devel/.private/tm_msgs/lib/python2.7/dist-packages/tm_msgs/srv/_AskSta.py, /home/dhruv/manipulator_ws/devel/lib/python2.7/dist-packages/tm_msgs/srv/_AskSta.py)
Linked: (/home/dhruv/manipulator_ws/devel/.private/tm_msgs/share/gennodejs/ros/tm_msgs/_index.js, /home/dhruv/manipulator_ws/devel/share/gennodejs/ros/tm_msgs/_index.js)
Linked: (/home/dhruv/manipulator_ws/devel/.private/tm_msgs/share/gennodejs/ros/tm_msgs/msg/SctResponse.js, /home/dhruv/manipulator_ws/devel/share/gennodejs/ros/tm_msgs/msg/SctResponse.js)
Linked: (/home/dhruv/manipulator_ws/devel/.private/tm_msgs/share/gennodejs/ros/tm_msgs/msg/StaResponse.js, /home/dhruv/manipulator_ws/devel/share/gennodejs/ros/tm_msgs/msg/StaResponse.js)
Linked: (/home/dhruv/manipulator_ws/devel/.private/tm_msgs/share/gennodejs/ros/tm_msgs/msg/SvrResponse.js, /home/dhruv/manipulator_ws/devel/share/gennodejs/ros/tm_msgs/msg/SvrResponse.js)
Linked: (/home/dhruv/manipulator_ws/devel/.private/tm_msgs/share/gennodejs/ros/tm_msgs/msg/_index.js, /home/dhruv/manipulator_ws/devel/share/gennodejs/ros/tm_msgs/msg/_index.js)
Linked: (/home/dhruv/manipulator_ws/devel/.private/tm_msgs/share/gennodejs/ros/tm_msgs/msg/FeedbackState.js, /home/dhruv/manipulator_ws/devel/share/gennodejs/ros/tm_msgs/msg/FeedbackState.js)
Linked: (/home/dhruv/manipulator_ws/devel/.private/tm_msgs/share/gennodejs/ros/tm_msgs/srv/SetEvent.js, /home/dhruv/manipulator_ws/devel/share/gennodejs/ros/tm_msgs/srv/SetEvent.js)
Linked: (/home/dhruv/manipulator_ws/devel/.private/tm_msgs/share/gennodejs/ros/tm_msgs/srv/SendScript.js, /home/dhruv/manipulator_ws/devel/share/gennodejs/ros/tm_msgs/srv/SendScript.js)
Linked: (/home/dhruv/manipulator_ws/devel/.private/tm_msgs/share/gennodejs/ros/tm_msgs/srv/WriteItem.js, /home/dhruv/manipulator_ws/devel/share/gennodejs/ros/tm_msgs/srv/WriteItem.js)
Linked: (/home/dhruv/manipulator_ws/devel/.private/tm_msgs/share/gennodejs/ros/tm_msgs/srv/AskSta.js, /home/dhruv/manipulator_ws/devel/share/gennodejs/ros/tm_msgs/srv/AskSta.js)
Linked: (/home/dhruv/manipulator_ws/devel/.private/tm_msgs/share/gennodejs/ros/tm_msgs/srv/SetPositions.js, /home/dhruv/manipulator_ws/devel/share/gennodejs/ros/tm_msgs/srv/SetPositions.js)
Linked: (/home/dhruv/manipulator_ws/devel/.private/tm_msgs/share/gennodejs/ros/tm_msgs/srv/AskItem.js, /home/dhruv/manipulator_ws/devel/share/gennodejs/ros/tm_msgs/srv/AskItem.js)
Linked: (/home/dhruv/manipulator_ws/devel/.private/tm_msgs/share/gennodejs/ros/tm_msgs/srv/SetIO.js, /home/dhruv/manipulator_ws/devel/share/gennodejs/ros/tm_msgs/srv/SetIO.js)
Linked: (/home/dhruv/manipulator_ws/devel/.private/tm_msgs/share/gennodejs/ros/tm_msgs/srv/ConnectTM.js, /home/dhruv/manipulator_ws/devel/share/gennodejs/ros/tm_msgs/srv/ConnectTM.js)
Linked: (/home/dhruv/manipulator_ws/devel/.private/tm_msgs/share/gennodejs/ros/tm_msgs/srv/_index.js, /home/dhruv/manipulator_ws/devel/share/gennodejs/ros/tm_msgs/srv/_index.js)
Linked: (/home/dhruv/manipulator_ws/devel/.private/tm_msgs/share/roseus/ros/tm_msgs/manifest.l, /home/dhruv/manipulator_ws/devel/share/roseus/ros/tm_msgs/manifest.l)
Linked: (/home/dhruv/manipulator_ws/devel/.private/tm_msgs/share/roseus/ros/tm_msgs/msg/SvrResponse.l, /home/dhruv/manipulator_ws/devel/share/roseus/ros/tm_msgs/msg/SvrResponse.l)
Linked: (/home/dhruv/manipulator_ws/devel/.private/tm_msgs/share/roseus/ros/tm_msgs/msg/FeedbackState.l, /home/dhruv/manipulator_ws/devel/share/roseus/ros/tm_msgs/msg/FeedbackState.l)
Linked: (/home/dhruv/manipulator_ws/devel/.private/tm_msgs/share/roseus/ros/tm_msgs/msg/SctResponse.l, /home/dhruv/manipulator_ws/devel/share/roseus/ros/tm_msgs/msg/SctResponse.l)
Linked: (/home/dhruv/manipulator_ws/devel/.private/tm_msgs/share/roseus/ros/tm_msgs/msg/StaResponse.l, /home/dhruv/manipulator_ws/devel/share/roseus/ros/tm_msgs/msg/StaResponse.l)
Linked: (/home/dhruv/manipulator_ws/devel/.private/tm_msgs/share/roseus/ros/tm_msgs/srv/AskItem.l, /home/dhruv/manipulator_ws/devel/share/roseus/ros/tm_msgs/srv/AskItem.l)
Linked: (/home/dhruv/manipulator_ws/devel/.private/tm_msgs/share/roseus/ros/tm_msgs/srv/SendScript.l, /home/dhruv/manipulator_ws/devel/share/roseus/ros/tm_msgs/srv/SendScript.l)
Linked: (/home/dhruv/manipulator_ws/devel/.private/tm_msgs/share/roseus/ros/tm_msgs/srv/SetEvent.l, /home/dhruv/manipulator_ws/devel/share/roseus/ros/tm_msgs/srv/SetEvent.l)
Linked: (/home/dhruv/manipulator_ws/devel/.private/tm_msgs/share/roseus/ros/tm_msgs/srv/SetIO.l, /home/dhruv/manipulator_ws/devel/share/roseus/ros/tm_msgs/srv/SetIO.l)
Linked: (/home/dhruv/manipulator_ws/devel/.private/tm_msgs/share/roseus/ros/tm_msgs/srv/ConnectTM.l, /home/dhruv/manipulator_ws/devel/share/roseus/ros/tm_msgs/srv/ConnectTM.l)
Linked: (/home/dhruv/manipulator_ws/devel/.private/tm_msgs/share/roseus/ros/tm_msgs/srv/WriteItem.l, /home/dhruv/manipulator_ws/devel/share/roseus/ros/tm_msgs/srv/WriteItem.l)
Linked: (/home/dhruv/manipulator_ws/devel/.private/tm_msgs/share/roseus/ros/tm_msgs/srv/AskSta.l, /home/dhruv/manipulator_ws/devel/share/roseus/ros/tm_msgs/srv/AskSta.l)
Linked: (/home/dhruv/manipulator_ws/devel/.private/tm_msgs/share/roseus/ros/tm_msgs/srv/SetPositions.l, /home/dhruv/manipulator_ws/devel/share/roseus/ros/tm_msgs/srv/SetPositions.l)
Linked: (/home/dhruv/manipulator_ws/devel/.private/tm_msgs/share/common-lisp/ros/tm_msgs/msg/_package_FeedbackState.lisp, /home/dhruv/manipulator_ws/devel/share/common-lisp/ros/tm_msgs/msg/_package_FeedbackState.lisp)
Linked: (/home/dhruv/manipulator_ws/devel/.private/tm_msgs/share/common-lisp/ros/tm_msgs/msg/FeedbackState.lisp, /home/dhruv/manipulator_ws/devel/share/common-lisp/ros/tm_msgs/msg/FeedbackState.lisp)
Linked: (/home/dhruv/manipulator_ws/devel/.private/tm_msgs/share/common-lisp/ros/tm_msgs/msg/_package_SvrResponse.lisp, /home/dhruv/manipulator_ws/devel/share/common-lisp/ros/tm_msgs/msg/_package_SvrResponse.lisp)
Linked: (/home/dhruv/manipulator_ws/devel/.private/tm_msgs/share/common-lisp/ros/tm_msgs/msg/StaResponse.lisp, /home/dhruv/manipulator_ws/devel/share/common-lisp/ros/tm_msgs/msg/StaResponse.lisp)
Linked: (/home/dhruv/manipulator_ws/devel/.private/tm_msgs/share/common-lisp/ros/tm_msgs/msg/tm_msgs-msg.asd, /home/dhruv/manipulator_ws/devel/share/common-lisp/ros/tm_msgs/msg/tm_msgs-msg.asd)
Linked: (/home/dhruv/manipulator_ws/devel/.private/tm_msgs/share/common-lisp/ros/tm_msgs/msg/_package_StaResponse.lisp, /home/dhruv/manipulator_ws/devel/share/common-lisp/ros/tm_msgs/msg/_package_StaResponse.lisp)
Linked: (/home/dhruv/manipulator_ws/devel/.private/tm_msgs/share/common-lisp/ros/tm_msgs/msg/_package.lisp, /home/dhruv/manipulator_ws/devel/share/common-lisp/ros/tm_msgs/msg/_package.lisp)
Linked: (/home/dhruv/manipulator_ws/devel/.private/tm_msgs/share/common-lisp/ros/tm_msgs/msg/_package_SctResponse.lisp, /home/dhruv/manipulator_ws/devel/share/common-lisp/ros/tm_msgs/msg/_package_SctResponse.lisp)
Linked: (/home/dhruv/manipulator_ws/devel/.private/tm_msgs/share/common-lisp/ros/tm_msgs/msg/SvrResponse.lisp, /home/dhruv/manipulator_ws/devel/share/common-lisp/ros/tm_msgs/msg/SvrResponse.lisp)
Linked: (/home/dhruv/manipulator_ws/devel/.private/tm_msgs/share/common-lisp/ros/tm_msgs/msg/SctResponse.lisp, /home/dhruv/manipulator_ws/devel/share/common-lisp/ros/tm_msgs/msg/SctResponse.lisp)
Linked: (/home/dhruv/manipulator_ws/devel/.private/tm_msgs/share/common-lisp/ros/tm_msgs/srv/_package_SetPositions.lisp, /home/dhruv/manipulator_ws/devel/share/common-lisp/ros/tm_msgs/srv/_package_SetPositions.lisp)
Linked: (/home/dhruv/manipulator_ws/devel/.private/tm_msgs/share/common-lisp/ros/tm_msgs/srv/SetPositions.lisp, /home/dhruv/manipulator_ws/devel/share/common-lisp/ros/tm_msgs/srv/SetPositions.lisp)
Linked: (/home/dhruv/manipulator_ws/devel/.private/tm_msgs/share/common-lisp/ros/tm_msgs/srv/SetEvent.lisp, /home/dhruv/manipulator_ws/devel/share/common-lisp/ros/tm_msgs/srv/SetEvent.lisp)
Linked: (/home/dhruv/manipulator_ws/devel/.private/tm_msgs/share/common-lisp/ros/tm_msgs/srv/AskItem.lisp, /home/dhruv/manipulator_ws/devel/share/common-lisp/ros/tm_msgs/srv/AskItem.lisp)
Linked: (/home/dhruv/manipulator_ws/devel/.private/tm_msgs/share/common-lisp/ros/tm_msgs/srv/_package_SendScript.lisp, /home/dhruv/manipulator_ws/devel/share/common-lisp/ros/tm_msgs/srv/_package_SendScript.lisp)
Linked: (/home/dhruv/manipulator_ws/devel/.private/tm_msgs/share/common-lisp/ros/tm_msgs/srv/_package_AskItem.lisp, /home/dhruv/manipulator_ws/devel/share/common-lisp/ros/tm_msgs/srv/_package_AskItem.lisp)
Linked: (/home/dhruv/manipulator_ws/devel/.private/tm_msgs/share/common-lisp/ros/tm_msgs/srv/WriteItem.lisp, /home/dhruv/manipulator_ws/devel/share/common-lisp/ros/tm_msgs/srv/WriteItem.lisp)
Linked: (/home/dhruv/manipulator_ws/devel/.private/tm_msgs/share/common-lisp/ros/tm_msgs/srv/_package.lisp, /home/dhruv/manipulator_ws/devel/share/common-lisp/ros/tm_msgs/srv/_package.lisp)
Linked: (/home/dhruv/manipulator_ws/devel/.private/tm_msgs/share/common-lisp/ros/tm_msgs/srv/_package_SetIO.lisp, /home/dhruv/manipulator_ws/devel/share/common-lisp/ros/tm_msgs/srv/_package_SetIO.lisp)
Linked: (/home/dhruv/manipulator_ws/devel/.private/tm_msgs/share/common-lisp/ros/tm_msgs/srv/_package_ConnectTM.lisp, /home/dhruv/manipulator_ws/devel/share/common-lisp/ros/tm_msgs/srv/_package_ConnectTM.lisp)
Linked: (/home/dhruv/manipulator_ws/devel/.private/tm_msgs/share/common-lisp/ros/tm_msgs/srv/_package_AskSta.lisp, /home/dhruv/manipulator_ws/devel/share/common-lisp/ros/tm_msgs/srv/_package_AskSta.lisp)
Linked: (/home/dhruv/manipulator_ws/devel/.private/tm_msgs/share/common-lisp/ros/tm_msgs/srv/_package_SetEvent.lisp, /home/dhruv/manipulator_ws/devel/share/common-lisp/ros/tm_msgs/srv/_package_SetEvent.lisp)
Linked: (/home/dhruv/manipulator_ws/devel/.private/tm_msgs/share/common-lisp/ros/tm_msgs/srv/_package_WriteItem.lisp, /home/dhruv/manipulator_ws/devel/share/common-lisp/ros/tm_msgs/srv/_package_WriteItem.lisp)
Linked: (/home/dhruv/manipulator_ws/devel/.private/tm_msgs/share/common-lisp/ros/tm_msgs/srv/SendScript.lisp, /home/dhruv/manipulator_ws/devel/share/common-lisp/ros/tm_msgs/srv/SendScript.lisp)
Linked: (/home/dhruv/manipulator_ws/devel/.private/tm_msgs/share/common-lisp/ros/tm_msgs/srv/tm_msgs-srv.asd, /home/dhruv/manipulator_ws/devel/share/common-lisp/ros/tm_msgs/srv/tm_msgs-srv.asd)
Linked: (/home/dhruv/manipulator_ws/devel/.private/tm_msgs/share/common-lisp/ros/tm_msgs/srv/ConnectTM.lisp, /home/dhruv/manipulator_ws/devel/share/common-lisp/ros/tm_msgs/srv/ConnectTM.lisp)
Linked: (/home/dhruv/manipulator_ws/devel/.private/tm_msgs/share/common-lisp/ros/tm_msgs/srv/SetIO.lisp, /home/dhruv/manipulator_ws/devel/share/common-lisp/ros/tm_msgs/srv/SetIO.lisp)
Linked: (/home/dhruv/manipulator_ws/devel/.private/tm_msgs/share/common-lisp/ros/tm_msgs/srv/AskSta.lisp, /home/dhruv/manipulator_ws/devel/share/common-lisp/ros/tm_msgs/srv/AskSta.lisp)
Linked: (/home/dhruv/manipulator_ws/devel/.private/tm_msgs/share/tm_msgs/cmake/tm_msgsConfig.cmake, /home/dhruv/manipulator_ws/devel/share/tm_msgs/cmake/tm_msgsConfig.cmake)
Linked: (/home/dhruv/manipulator_ws/devel/.private/tm_msgs/share/tm_msgs/cmake/tm_msgsConfig-version.cmake, /home/dhruv/manipulator_ws/devel/share/tm_msgs/cmake/tm_msgsConfig-version.cmake)
Linked: (/home/dhruv/manipulator_ws/devel/.private/tm_msgs/share/tm_msgs/cmake/tm_msgs-msg-extras.cmake, /home/dhruv/manipulator_ws/devel/share/tm_msgs/cmake/tm_msgs-msg-extras.cmake)
Linked: (/home/dhruv/manipulator_ws/devel/.private/tm_msgs/share/tm_msgs/cmake/tm_msgs-msg-paths.cmake, /home/dhruv/manipulator_ws/devel/share/tm_msgs/cmake/tm_msgs-msg-paths.cmake)
Linked: (/home/dhruv/manipulator_ws/devel/.private/tm_msgs/include/tm_msgs/ConnectTM.h, /home/dhruv/manipulator_ws/devel/include/tm_msgs/ConnectTM.h)
Linked: (/home/dhruv/manipulator_ws/devel/.private/tm_msgs/include/tm_msgs/AskItem.h, /home/dhruv/manipulator_ws/devel/include/tm_msgs/AskItem.h)
Linked: (/home/dhruv/manipulator_ws/devel/.private/tm_msgs/include/tm_msgs/AskStaRequest.h, /home/dhruv/manipulator_ws/devel/include/tm_msgs/AskStaRequest.h)
Linked: (/home/dhruv/manipulator_ws/devel/.private/tm_msgs/include/tm_msgs/ConnectTMRequest.h, /home/dhruv/manipulator_ws/devel/include/tm_msgs/ConnectTMRequest.h)
Linked: (/home/dhruv/manipulator_ws/devel/.private/tm_msgs/include/tm_msgs/SetPositionsResponse.h, /home/dhruv/manipulator_ws/devel/include/tm_msgs/SetPositionsResponse.h)
Linked: (/home/dhruv/manipulator_ws/devel/.private/tm_msgs/include/tm_msgs/SvrResponse.h, /home/dhruv/manipulator_ws/devel/include/tm_msgs/SvrResponse.h)
Linked: (/home/dhruv/manipulator_ws/devel/.private/tm_msgs/include/tm_msgs/SetEventResponse.h, /home/dhruv/manipulator_ws/devel/include/tm_msgs/SetEventResponse.h)
Linked: (/home/dhruv/manipulator_ws/devel/.private/tm_msgs/include/tm_msgs/AskItemResponse.h, /home/dhruv/manipulator_ws/devel/include/tm_msgs/AskItemResponse.h)
Linked: (/home/dhruv/manipulator_ws/devel/.private/tm_msgs/include/tm_msgs/SetPositionsRequest.h, /home/dhruv/manipulator_ws/devel/include/tm_msgs/SetPositionsRequest.h)
Linked: (/home/dhruv/manipulator_ws/devel/.private/tm_msgs/include/tm_msgs/StaResponse.h, /home/dhruv/manipulator_ws/devel/include/tm_msgs/StaResponse.h)
Linked: (/home/dhruv/manipulator_ws/devel/.private/tm_msgs/include/tm_msgs/WriteItemRequest.h, /home/dhruv/manipulator_ws/devel/include/tm_msgs/WriteItemRequest.h)
Linked: (/home/dhruv/manipulator_ws/devel/.private/tm_msgs/include/tm_msgs/SetEventRequest.h, /home/dhruv/manipulator_ws/devel/include/tm_msgs/SetEventRequest.h)
Linked: (/home/dhruv/manipulator_ws/devel/.private/tm_msgs/include/tm_msgs/SetIOResponse.h, /home/dhruv/manipulator_ws/devel/include/tm_msgs/SetIOResponse.h)
Linked: (/home/dhruv/manipulator_ws/devel/.private/tm_msgs/include/tm_msgs/FeedbackState.h, /home/dhruv/manipulator_ws/devel/include/tm_msgs/FeedbackState.h)
Linked: (/home/dhruv/manipulator_ws/devel/.private/tm_msgs/include/tm_msgs/AskItemRequest.h, /home/dhruv/manipulator_ws/devel/include/tm_msgs/AskItemRequest.h)
Linked: (/home/dhruv/manipulator_ws/devel/.private/tm_msgs/include/tm_msgs/WriteItem.h, /home/dhruv/manipulator_ws/devel/include/tm_msgs/WriteItem.h)
Linked: (/home/dhruv/manipulator_ws/devel/.private/tm_msgs/include/tm_msgs/SetEvent.h, /home/dhruv/manipulator_ws/devel/include/tm_msgs/SetEvent.h)
Linked: (/home/dhruv/manipulator_ws/devel/.private/tm_msgs/include/tm_msgs/SetIORequest.h, /home/dhruv/manipulator_ws/devel/include/tm_msgs/SetIORequest.h)
Linked: (/home/dhruv/manipulator_ws/devel/.private/tm_msgs/include/tm_msgs/WriteItemResponse.h, /home/dhruv/manipulator_ws/devel/include/tm_msgs/WriteItemResponse.h)
Linked: (/home/dhruv/manipulator_ws/devel/.private/tm_msgs/include/tm_msgs/SendScriptResponse.h, /home/dhruv/manipulator_ws/devel/include/tm_msgs/SendScriptResponse.h)
Linked: (/home/dhruv/manipulator_ws/devel/.private/tm_msgs/include/tm_msgs/SendScriptRequest.h, /home/dhruv/manipulator_ws/devel/include/tm_msgs/SendScriptRequest.h)
Linked: (/home/dhruv/manipulator_ws/devel/.private/tm_msgs/include/tm_msgs/SendScript.h, /home/dhruv/manipulator_ws/devel/include/tm_msgs/SendScript.h)
Linked: (/home/dhruv/manipulator_ws/devel/.private/tm_msgs/include/tm_msgs/ConnectTMResponse.h, /home/dhruv/manipulator_ws/devel/include/tm_msgs/ConnectTMResponse.h)
Linked: (/home/dhruv/manipulator_ws/devel/.private/tm_msgs/include/tm_msgs/AskSta.h, /home/dhruv/manipulator_ws/devel/include/tm_msgs/AskSta.h)
Linked: (/home/dhruv/manipulator_ws/devel/.private/tm_msgs/include/tm_msgs/SetPositions.h, /home/dhruv/manipulator_ws/devel/include/tm_msgs/SetPositions.h)
Linked: (/home/dhruv/manipulator_ws/devel/.private/tm_msgs/include/tm_msgs/SctResponse.h, /home/dhruv/manipulator_ws/devel/include/tm_msgs/SctResponse.h)
Linked: (/home/dhruv/manipulator_ws/devel/.private/tm_msgs/include/tm_msgs/SetIO.h, /home/dhruv/manipulator_ws/devel/include/tm_msgs/SetIO.h)
Linked: (/home/dhruv/manipulator_ws/devel/.private/tm_msgs/include/tm_msgs/AskStaResponse.h, /home/dhruv/manipulator_ws/devel/include/tm_msgs/AskStaResponse.h)
