Determining if the pthread_create exist failed with the following output:
Change Dir: /home/dhruv/manipulator_ws/build/tm_demo/CMakeFiles/CMakeTmp

Run Build Command:"/usr/bin/make" "cmTC_26734/fast"
/usr/bin/make -f CMakeFiles/cmTC_26734.dir/build.make CMakeFiles/cmTC_26734.dir/build
make[1]: Entering directory '/home/dhruv/manipulator_ws/build/tm_demo/CMakeFiles/CMakeTmp'
Building C object CMakeFiles/cmTC_26734.dir/CheckSymbolExists.c.o
/usr/bin/cc    -o CMakeFiles/cmTC_26734.dir/CheckSymbolExists.c.o   -c /home/dhruv/manipulator_ws/build/tm_demo/CMakeFiles/CMakeTmp/CheckSymbolExists.c
Linking C executable cmTC_26734
/usr/bin/cmake -E cmake_link_script CMakeFiles/cmTC_26734.dir/link.txt --verbose=1
/usr/bin/cc      -rdynamic CMakeFiles/cmTC_26734.dir/CheckSymbolExists.c.o  -o cmTC_26734 
CMakeFiles/cmTC_26734.dir/CheckSymbolExists.c.o: In function `main':
CheckSymbolExists.c:(.text+0x1b): undefined reference to `pthread_create'
collect2: error: ld returned 1 exit status
CMakeFiles/cmTC_26734.dir/build.make:97: recipe for target 'cmTC_26734' failed
make[1]: *** [cmTC_26734] Error 1
make[1]: Leaving directory '/home/dhruv/manipulator_ws/build/tm_demo/CMakeFiles/CMakeTmp'
Makefile:126: recipe for target 'cmTC_26734/fast' failed
make: *** [cmTC_26734/fast] Error 2

File /home/dhruv/manipulator_ws/build/tm_demo/CMakeFiles/CMakeTmp/CheckSymbolExists.c:
/* */
#include <pthread.h>

int main(int argc, char** argv)
{
  (void)argv;
#ifndef pthread_create
  return ((int*)(&pthread_create))[argc];
#else
  (void)argc;
  return 0;
#endif
}

Determining if the function pthread_create exists in the pthreads failed with the following output:
Change Dir: /home/dhruv/manipulator_ws/build/tm_demo/CMakeFiles/CMakeTmp

Run Build Command:"/usr/bin/make" "cmTC_5530d/fast"
/usr/bin/make -f CMakeFiles/cmTC_5530d.dir/build.make CMakeFiles/cmTC_5530d.dir/build
make[1]: Entering directory '/home/dhruv/manipulator_ws/build/tm_demo/CMakeFiles/CMakeTmp'
Building C object CMakeFiles/cmTC_5530d.dir/CheckFunctionExists.c.o
/usr/bin/cc   -DCHECK_FUNCTION_EXISTS=pthread_create   -o CMakeFiles/cmTC_5530d.dir/CheckFunctionExists.c.o   -c /usr/share/cmake-3.10/Modules/CheckFunctionExists.c
Linking C executable cmTC_5530d
/usr/bin/cmake -E cmake_link_script CMakeFiles/cmTC_5530d.dir/link.txt --verbose=1
/usr/bin/cc  -DCHECK_FUNCTION_EXISTS=pthread_create    -rdynamic CMakeFiles/cmTC_5530d.dir/CheckFunctionExists.c.o  -o cmTC_5530d -lpthreads 
/usr/bin/ld: cannot find -lpthreads
collect2: error: ld returned 1 exit status
CMakeFiles/cmTC_5530d.dir/build.make:97: recipe for target 'cmTC_5530d' failed
make[1]: *** [cmTC_5530d] Error 1
make[1]: Leaving directory '/home/dhruv/manipulator_ws/build/tm_demo/CMakeFiles/CMakeTmp'
Makefile:126: recipe for target 'cmTC_5530d/fast' failed
make: *** [cmTC_5530d/fast] Error 2


